#
# There is insufficient memory for the Java Runtime Environment to continue.
# Native memory allocation (malloc) failed to allocate 1048576 bytes for AllocateHeap
# Possible reasons:
#   The system is out of physical RAM or swap space
#   The process is running with CompressedOops enabled, and the Java Heap may be blocking the growth of the native heap
# Possible solutions:
#   Reduce memory load on the system
#   Increase physical memory or swap space
#   Check if swap backing store is full
#   Decrease Java heap size (-Xmx/-Xms)
#   Decrease number of Java threads
#   Decrease Java thread stack sizes (-Xss)
#   Set larger code cache with -XX:ReservedCodeCacheSize=
#   JVM is running with Unscaled Compressed Oops mode in which the Java heap is
#     placed in the first 4GB address space. The Java Heap base address is the
#     maximum limit for the native heap growth. Please use -XX:HeapBaseMinAddress
#     to set the Java Heap base and to place the Java Heap above 4GB virtual address.
# This output file may be truncated or incomplete.
#
#  Out of Memory Error (t:/workspace/open/src/hotspot/share/memory/allocation.cpp:46), pid=8172, tid=12268
#
# JRE version: Java(TM) SE Runtime Environment (11.0.6+8) (build 11.0.6+8-LTS)
# Java VM: Java HotSpot(TM) 64-Bit Server VM (11.0.6+8-LTS, mixed mode, tiered, compressed oops, g1 gc, windows-amd64)
# No core dump will be written. Minidumps are not enabled by default on client versions of Windows
#

---------------  S U M M A R Y ------------

Command Line: -Dvisualvm.id=28731209918300 -XX:TieredStopAtLevel=1 -Xverify:none -Dspring.output.ansi.enabled=always -Dcom.sun.management.jmxremote -Dspring.jmx.enabled=true -Dspring.liveBeansView.mbeanDomain -Dspring.application.admin.enabled=true -javaagent:F:\win_ide\IntelliJ IDEA 2020.1\lib\idea_rt.jar=58583:F:\win_ide\IntelliJ IDEA 2020.1\bin -Dfile.encoding=UTF-8 cn.dbdj1201.user.UserMainApp40923

Host: Intel(R) Xeon(R) CPU           E5620  @ 2.40GHz, 8 cores, 7G,  Windows 10 , 64 bit Build 18362 (10.0.18362.329)
Time: Thu Aug  6 16:26:00 2020 ?D1¨²¡À¨º¡Á?¨º¡À?? elapsed time: 1 seconds (0d 0h 0m 1s)

---------------  T H R E A D  ---------------

Current thread (0x000001cff7daa000):  VMThread "VM Thread" [stack: 0x000000a9ccb00000,0x000000a9ccc00000] [id=12268]

Stack: [0x000000a9ccb00000,0x000000a9ccc00000]
[error occurred during error reporting (printing stack bounds), id 0xc0000005, EXCEPTION_ACCESS_VIOLATION (0xc0000005) at pc=0x000001cfe1430bbd]

Native frames: (J=compiled Java code, j=interpreted, Vv=VM code, C=native code)
V  [jvm.dll+0x63679a]
V  [jvm.dll+0x7755bf]
V  [jvm.dll+0x776c65]
V  [jvm.dll+0x777235]
V  [jvm.dll+0x7771eb]
V  [jvm.dll+0x635e96]
V  [jvm.dll+0x636268]
C  [ntdll.dll+0xa11ff]
C  [ntdll.dll+0x6a289]
C  [ntdll.dll+0x9fe6e]
C  0x000001cfe1430bbd

VM_Operation (0x000000a9cc5fb3f0): CollectForMetadataAllocation, mode: safepoint, requested by thread 0x000001cfd90c6000


---------------  P R O C E S S  ---------------

Threads class SMR info:
_java_thread_list=0x000001cff89dc7f0, length=10, elements={
0x000001cfd90c6000, 0x000001cff7db0800, 0x000001cff85e9000, 0x000001cff864b800,
0x000001cff864c800, 0x000001cff864e000, 0x000001cff7dd9000, 0x000001cff876e000,
0x000001cff8dfd000, 0x000001cff8e02000
}

Java Threads: ( => current thread )
  0x000001cfd90c6000 JavaThread "main" [_thread_blocked, id=14524, stack(0x000000a9cc500000,0x000000a9cc600000)]
  0x000001cff7db0800 JavaThread "Reference Handler" daemon [_thread_blocked, id=14172, stack(0x000000a9ccc00000,0x000000a9ccd00000)]
  0x000001cff85e9000 JavaThread "Finalizer" daemon [_thread_blocked, id=8752, stack(0x000000a9ccd00000,0x000000a9cce00000)]
  0x000001cff864b800 JavaThread "Signal Dispatcher" daemon [_thread_blocked, id=5568, stack(0x000000a9cce00000,0x000000a9ccf00000)]
  0x000001cff864c800 JavaThread "Attach Listener" daemon [_thread_blocked, id=14136, stack(0x000000a9ccf00000,0x000000a9cd000000)]
  0x000001cff864e000 JavaThread "C1 CompilerThread0" daemon [_thread_blocked, id=5224, stack(0x000000a9cd000000,0x000000a9cd100000)]
  0x000001cff7dd9000 JavaThread "Sweeper thread" daemon [_thread_blocked, id=15228, stack(0x000000a9cd100000,0x000000a9cd200000)]
  0x000001cff876e000 JavaThread "Common-Cleaner" daemon [_thread_blocked, id=12852, stack(0x000000a9cd200000,0x000000a9cd300000)]
  0x000001cff8dfd000 JavaThread "Monitor Ctrl-Break" daemon [_thread_in_native, id=9328, stack(0x000000a9cd300000,0x000000a9cd400000)]
  0x000001cff8e02000 JavaThread "Service Thread" daemon [_thread_blocked, id=12640, stack(0x000000a9cd400000,0x000000a9cd500000)]

Other Threads:
=>0x000001cff7daa000 VMThread "VM Thread" [stack: 0x000000a9ccb00000,0x000000a9ccc00000] [id=12268]
  0x000001cfd90df800 GCTaskThread "GC Thread#0" [stack: 0x000000a9cc600000,0x000000a9cc700000] [id=1568]
  0x000001cff8ec7000 GCTaskThread "GC Thread#1" [stack: 0x000000a9cd500000,0x000000a9cd600000] [id=9116]
  0x000001cff8ec8000 GCTaskThread "GC Thread#2" [stack: 0x000000a9cd600000,0x000000a9cd700000] [id=14596]
  0x000001cfd9110000 ConcurrentGCThread "G1 Main Marker" [stack: 0x000000a9cc700000,0x000000a9cc800000] [id=9476]
  0x000001cfd9111000 ConcurrentGCThread "G1 Conc#0" [stack: 0x000000a9cc800000,0x000000a9cc900000] [id=8868]
  0x000001cff89d4800 ConcurrentGCThread "G1 Conc#1" [stack: 0x000000a9cd700000,0x000000a9cd800000] [id=14516]
  0x000001cff7c1a800 ConcurrentGCThread "G1 Refine#0" [stack: 0x000000a9cc900000,0x000000a9cca00000] [id=9000]
  0x000001cff7c1b000 ConcurrentGCThread "G1 Young RemSet Sampling" [stack: 0x000000a9cca00000,0x000000a9ccb00000] [id=12000]

Threads with active compile tasks:

VM state:at safepoint (normal execution)

VM Mutex/Monitor currently owned by a thread:  ([mutex/lock_event])
[0x000001cfd90c22f0] Threads_lock - owner thread: 0x000001cff7daa000
[0x000001cfd90c2140] Heap_lock - owner thread: 0x000001cfd90c6000

Heap address: 0x0000000080200000, size: 2046 MB, Compressed Oops mode: 32-bit
Narrow klass base: 0x0000000000000000, Narrow klass shift: 3
Compressed class space size: 1073741824 Address: 0x0000000100000000

Heap:
 garbage-first heap   total 131072K, used 6560K [0x0000000080200000, 0x0000000100000000)
  region size 1024K, 3 young (3072K), 3 survivors (3072K)
 Metaspace       used 7538K, capacity 7601K, committed 7680K, reserved 1064960K
  class space    used 701K, capacity 743K, committed 768K, reserved 1048576K
Heap Regions: E=young(eden), S=young(survivor), O=old, HS=humongous(starts), HC=humongous(continues), CS=collection set, F=free, A=archive, TAMS=top-at-mark-start (previous, next)
|   0|0x0000000080200000, 0x0000000080300000, 0x0000000080300000|100%| O|  |TAMS 0x0000000080200000, 0x0000000080300000| Untracked 
|   1|0x0000000080300000, 0x0000000080400000, 0x0000000080400000|100%| O|  |TAMS 0x0000000080300000, 0x0000000080400000| Untracked 
|   2|0x0000000080400000, 0x0000000080500000, 0x0000000080500000|100%| O|  |TAMS 0x0000000080400000, 0x0000000080500000| Untracked 
|   3|0x0000000080500000, 0x0000000080568200, 0x0000000080600000| 40%| O|  |TAMS 0x0000000080500000, 0x0000000080568200| Untracked 
|   4|0x0000000080600000, 0x0000000080600000, 0x0000000080700000|  0%| F|  |TAMS 0x0000000080600000, 0x0000000080600000| Untracked 
|   5|0x0000000080700000, 0x0000000080700000, 0x0000000080800000|  0%| F|  |TAMS 0x0000000080700000, 0x0000000080700000| Untracked 
|   6|0x0000000080800000, 0x0000000080800000, 0x0000000080900000|  0%| F|  |TAMS 0x0000000080800000, 0x0000000080800000| Untracked 
|   7|0x0000000080900000, 0x0000000080900000, 0x0000000080a00000|  0%| F|  |TAMS 0x0000000080900000, 0x0000000080900000| Untracked 
|   8|0x0000000080a00000, 0x0000000080a00000, 0x0000000080b00000|  0%| F|  |TAMS 0x0000000080a00000, 0x0000000080a00000| Untracked 
|   9|0x0000000080b00000, 0x0000000080b00000, 0x0000000080c00000|  0%| F|  |TAMS 0x0000000080b00000, 0x0000000080b00000| Untracked 
|  10|0x0000000080c00000, 0x0000000080c00000, 0x0000000080d00000|  0%| F|  |TAMS 0x0000000080c00000, 0x0000000080c00000| Untracked 
|  11|0x0000000080d00000, 0x0000000080d00000, 0x0000000080e00000|  0%| F|  |TAMS 0x0000000080d00000, 0x0000000080d00000| Untracked 
|  12|0x0000000080e00000, 0x0000000080e00000, 0x0000000080f00000|  0%| F|  |TAMS 0x0000000080e00000, 0x0000000080e00000| Untracked 
|  13|0x0000000080f00000, 0x0000000080f00000, 0x0000000081000000|  0%| F|  |TAMS 0x0000000080f00000, 0x0000000080f00000| Untracked 
|  14|0x0000000081000000, 0x0000000081000000, 0x0000000081100000|  0%| F|  |TAMS 0x0000000081000000, 0x0000000081000000| Untracked 
|  15|0x0000000081100000, 0x0000000081100000, 0x0000000081200000|  0%| F|  |TAMS 0x0000000081100000, 0x0000000081100000| Untracked 
|  16|0x0000000081200000, 0x0000000081200000, 0x0000000081300000|  0%| F|  |TAMS 0x0000000081200000, 0x0000000081200000| Untracked 
|  17|0x0000000081300000, 0x0000000081300000, 0x0000000081400000|  0%| F|  |TAMS 0x0000000081300000, 0x0000000081300000| Untracked 
|  18|0x0000000081400000, 0x0000000081400000, 0x0000000081500000|  0%| F|  |TAMS 0x0000000081400000, 0x0000000081400000| Untracked 
|  19|0x0000000081500000, 0x0000000081500000, 0x0000000081600000|  0%| F|  |TAMS 0x0000000081500000, 0x0000000081500000| Untracked 
|  20|0x0000000081600000, 0x0000000081600000, 0x0000000081700000|  0%| F|  |TAMS 0x0000000081600000, 0x0000000081600000| Untracked 
|  21|0x0000000081700000, 0x0000000081700000, 0x0000000081800000|  0%| F|  |TAMS 0x0000000081700000, 0x0000000081700000| Untracked 
|  22|0x0000000081800000, 0x0000000081800000, 0x0000000081900000|  0%| F|  |TAMS 0x0000000081800000, 0x0000000081800000| Untracked 
|  23|0x0000000081900000, 0x0000000081900000, 0x0000000081a00000|  0%| F|  |TAMS 0x0000000081900000, 0x0000000081900000| Untracked 
|  24|0x0000000081a00000, 0x0000000081a00000, 0x0000000081b00000|  0%| F|  |TAMS 0x0000000081a00000, 0x0000000081a00000| Untracked 
|  25|0x0000000081b00000, 0x0000000081b00000, 0x0000000081c00000|  0%| F|  |TAMS 0x0000000081b00000, 0x0000000081b00000| Untracked 
|  26|0x0000000081c00000, 0x0000000081c00000, 0x0000000081d00000|  0%| F|  |TAMS 0x0000000081c00000, 0x0000000081c00000| Untracked 
|  27|0x0000000081d00000, 0x0000000081d00000, 0x0000000081e00000|  0%| F|  |TAMS 0x0000000081d00000, 0x0000000081d00000| Untracked 
|  28|0x0000000081e00000, 0x0000000081e00000, 0x0000000081f00000|  0%| F|  |TAMS 0x0000000081e00000, 0x0000000081e00000| Untracked 
|  29|0x0000000081f00000, 0x0000000081f00000, 0x0000000082000000|  0%| F|  |TAMS 0x0000000081f00000, 0x0000000081f00000| Untracked 
|  30|0x0000000082000000, 0x0000000082000000, 0x0000000082100000|  0%| F|  |TAMS 0x0000000082000000, 0x0000000082000000| Untracked 
|  31|0x0000000082100000, 0x0000000082100000, 0x0000000082200000|  0%| F|  |TAMS 0x0000000082100000, 0x0000000082100000| Untracked 
|  32|0x0000000082200000, 0x0000000082200000, 0x0000000082300000|  0%| F|  |TAMS 0x0000000082200000, 0x0000000082200000| Untracked 
|  33|0x0000000082300000, 0x0000000082300000, 0x0000000082400000|  0%| F|  |TAMS 0x0000000082300000, 0x0000000082300000| Untracked 
|  34|0x0000000082400000, 0x0000000082400000, 0x0000000082500000|  0%| F|  |TAMS 0x0000000082400000, 0x0000000082400000| Untracked 
|  35|0x0000000082500000, 0x0000000082500000, 0x0000000082600000|  0%| F|  |TAMS 0x0000000082500000, 0x0000000082500000| Untracked 
|  36|0x0000000082600000, 0x0000000082600000, 0x0000000082700000|  0%| F|  |TAMS 0x0000000082600000, 0x0000000082600000| Untracked 
|  37|0x0000000082700000, 0x0000000082700000, 0x0000000082800000|  0%| F|  |TAMS 0x0000000082700000, 0x0000000082700000| Untracked 
|  38|0x0000000082800000, 0x0000000082800000, 0x0000000082900000|  0%| F|  |TAMS 0x0000000082800000, 0x0000000082800000| Untracked 
|  39|0x0000000082900000, 0x0000000082900000, 0x0000000082a00000|  0%| F|  |TAMS 0x0000000082900000, 0x0000000082900000| Untracked 
|  40|0x0000000082a00000, 0x0000000082a00000, 0x0000000082b00000|  0%| F|  |TAMS 0x0000000082a00000, 0x0000000082a00000| Untracked 
|  41|0x0000000082b00000, 0x0000000082b00000, 0x0000000082c00000|  0%| F|  |TAMS 0x0000000082b00000, 0x0000000082b00000| Untracked 
|  42|0x0000000082c00000, 0x0000000082c00000, 0x0000000082d00000|  0%| F|  |TAMS 0x0000000082c00000, 0x0000000082c00000| Untracked 
|  43|0x0000000082d00000, 0x0000000082d00000, 0x0000000082e00000|  0%| F|  |TAMS 0x0000000082d00000, 0x0000000082d00000| Untracked 
|  44|0x0000000082e00000, 0x0000000082e00000, 0x0000000082f00000|  0%| F|  |TAMS 0x0000000082e00000, 0x0000000082e00000| Untracked 
|  45|0x0000000082f00000, 0x0000000082f00000, 0x0000000083000000|  0%| F|  |TAMS 0x0000000082f00000, 0x0000000082f00000| Untracked 
|  46|0x0000000083000000, 0x0000000083000000, 0x0000000083100000|  0%| F|  |TAMS 0x0000000083000000, 0x0000000083000000| Untracked 
|  47|0x0000000083100000, 0x0000000083100000, 0x0000000083200000|  0%| F|  |TAMS 0x0000000083100000, 0x0000000083100000| Untracked 
|  48|0x0000000083200000, 0x0000000083200000, 0x0000000083300000|  0%| F|  |TAMS 0x0000000083200000, 0x0000000083200000| Untracked 
|  49|0x0000000083300000, 0x0000000083300000, 0x0000000083400000|  0%| F|  |TAMS 0x0000000083300000, 0x0000000083300000| Untracked 
|  50|0x0000000083400000, 0x0000000083400000, 0x0000000083500000|  0%| F|  |TAMS 0x0000000083400000, 0x0000000083400000| Untracked 
|  51|0x0000000083500000, 0x0000000083500000, 0x0000000083600000|  0%| F|  |TAMS 0x0000000083500000, 0x0000000083500000| Untracked 
|  52|0x0000000083600000, 0x0000000083600000, 0x0000000083700000|  0%| F|  |TAMS 0x0000000083600000, 0x0000000083600000| Untracked 
|  53|0x0000000083700000, 0x0000000083700000, 0x0000000083800000|  0%| F|  |TAMS 0x0000000083700000, 0x0000000083700000| Untracked 
|  54|0x0000000083800000, 0x0000000083800000, 0x0000000083900000|  0%| F|  |TAMS 0x0000000083800000, 0x0000000083800000| Untracked 
|  55|0x0000000083900000, 0x0000000083900000, 0x0000000083a00000|  0%| F|  |TAMS 0x0000000083900000, 0x0000000083900000| Untracked 
|  56|0x0000000083a00000, 0x0000000083a00000, 0x0000000083b00000|  0%| F|  |TAMS 0x0000000083a00000, 0x0000000083a00000| Untracked 
|  57|0x0000000083b00000, 0x0000000083b00000, 0x0000000083c00000|  0%| F|  |TAMS 0x0000000083b00000, 0x0000000083b00000| Untracked 
|  58|0x0000000083c00000, 0x0000000083c00000, 0x0000000083d00000|  0%| F|  |TAMS 0x0000000083c00000, 0x0000000083c00000| Untracked 
|  59|0x0000000083d00000, 0x0000000083d00000, 0x0000000083e00000|  0%| F|  |TAMS 0x0000000083d00000, 0x0000000083d00000| Untracked 
|  60|0x0000000083e00000, 0x0000000083e00000, 0x0000000083f00000|  0%| F|  |TAMS 0x0000000083e00000, 0x0000000083e00000| Untracked 
|  61|0x0000000083f00000, 0x0000000083f00000, 0x0000000084000000|  0%| F|  |TAMS 0x0000000083f00000, 0x0000000083f00000| Untracked 
|  62|0x0000000084000000, 0x0000000084000000, 0x0000000084100000|  0%| F|  |TAMS 0x0000000084000000, 0x0000000084000000| Untracked 
|  63|0x0000000084100000, 0x0000000084100000, 0x0000000084200000|  0%| F|  |TAMS 0x0000000084100000, 0x0000000084100000| Untracked 
|  64|0x0000000084200000, 0x0000000084200000, 0x0000000084300000|  0%| F|  |TAMS 0x0000000084200000, 0x0000000084200000| Untracked 
|  65|0x0000000084300000, 0x0000000084300000, 0x0000000084400000|  0%| F|  |TAMS 0x0000000084300000, 0x0000000084300000| Untracked 
|  66|0x0000000084400000, 0x0000000084400000, 0x0000000084500000|  0%| F|  |TAMS 0x0000000084400000, 0x0000000084400000| Untracked 
|  67|0x0000000084500000, 0x0000000084500000, 0x0000000084600000|  0%| F|  |TAMS 0x0000000084500000, 0x0000000084500000| Untracked 
|  68|0x0000000084600000, 0x0000000084600000, 0x0000000084700000|  0%| F|  |TAMS 0x0000000084600000, 0x0000000084600000| Untracked 
|  69|0x0000000084700000, 0x0000000084700000, 0x0000000084800000|  0%| F|  |TAMS 0x0000000084700000, 0x0000000084700000| Untracked 
|  70|0x0000000084800000, 0x0000000084800000, 0x0000000084900000|  0%| F|  |TAMS 0x0000000084800000, 0x0000000084800000| Untracked 
|  71|0x0000000084900000, 0x0000000084900000, 0x0000000084a00000|  0%| F|  |TAMS 0x0000000084900000, 0x0000000084900000| Untracked 
|  72|0x0000000084a00000, 0x0000000084a00000, 0x0000000084b00000|  0%| F|  |TAMS 0x0000000084a00000, 0x0000000084a00000| Untracked 
|  73|0x0000000084b00000, 0x0000000084b00000, 0x0000000084c00000|  0%| F|  |TAMS 0x0000000084b00000, 0x0000000084b00000| Untracked 
|  74|0x0000000084c00000, 0x0000000084c00000, 0x0000000084d00000|  0%| F|  |TAMS 0x0000000084c00000, 0x0000000084c00000| Untracked 
|  75|0x0000000084d00000, 0x0000000084d00000, 0x0000000084e00000|  0%| F|  |TAMS 0x0000000084d00000, 0x0000000084d00000| Untracked 
|  76|0x0000000084e00000, 0x0000000084e00000, 0x0000000084f00000|  0%| F|  |TAMS 0x0000000084e00000, 0x0000000084e00000| Untracked 
|  77|0x0000000084f00000, 0x0000000084f00000, 0x0000000085000000|  0%| F|  |TAMS 0x0000000084f00000, 0x0000000084f00000| Untracked 
|  78|0x0000000085000000, 0x0000000085000000, 0x0000000085100000|  0%| F|  |TAMS 0x0000000085000000, 0x0000000085000000| Untracked 
|  79|0x0000000085100000, 0x0000000085100000, 0x0000000085200000|  0%| F|  |TAMS 0x0000000085100000, 0x0000000085100000| Untracked 
|  80|0x0000000085200000, 0x0000000085200000, 0x0000000085300000|  0%| F|  |TAMS 0x0000000085200000, 0x0000000085200000| Untracked 
|  81|0x0000000085300000, 0x0000000085300000, 0x0000000085400000|  0%| F|  |TAMS 0x0000000085300000, 0x0000000085300000| Untracked 
|  82|0x0000000085400000, 0x0000000085400000, 0x0000000085500000|  0%| F|  |TAMS 0x0000000085400000, 0x0000000085400000| Untracked 
|  83|0x0000000085500000, 0x0000000085500000, 0x0000000085600000|  0%| F|  |TAMS 0x0000000085500000, 0x0000000085500000| Untracked 
|  84|0x0000000085600000, 0x0000000085600000, 0x0000000085700000|  0%| F|  |TAMS 0x0000000085600000, 0x0000000085600000| Untracked 
|  85|0x0000000085700000, 0x0000000085700000, 0x0000000085800000|  0%| F|  |TAMS 0x0000000085700000, 0x0000000085700000| Untracked 
|  86|0x0000000085800000, 0x0000000085800000, 0x0000000085900000|  0%| F|  |TAMS 0x0000000085800000, 0x0000000085800000| Untracked 
|  87|0x0000000085900000, 0x0000000085900000, 0x0000000085a00000|  0%| F|  |TAMS 0x0000000085900000, 0x0000000085900000| Untracked 
|  88|0x0000000085a00000, 0x0000000085a00000, 0x0000000085b00000|  0%| F|  |TAMS 0x0000000085a00000, 0x0000000085a00000| Untracked 
|  89|0x0000000085b00000, 0x0000000085b00000, 0x0000000085c00000|  0%| F|  |TAMS 0x0000000085b00000, 0x0000000085b00000| Untracked 
|  90|0x0000000085c00000, 0x0000000085c00000, 0x0000000085d00000|  0%| F|  |TAMS 0x0000000085c00000, 0x0000000085c00000| Untracked 
|  91|0x0000000085d00000, 0x0000000085d00000, 0x0000000085e00000|  0%| F|  |TAMS 0x0000000085d00000, 0x0000000085d00000| Untracked 
|  92|0x0000000085e00000, 0x0000000085e00000, 0x0000000085f00000|  0%| F|  |TAMS 0x0000000085e00000, 0x0000000085e00000| Untracked 
|  93|0x0000000085f00000, 0x0000000085f00000, 0x0000000086000000|  0%| F|  |TAMS 0x0000000085f00000, 0x0000000085f00000| Untracked 
|  94|0x0000000086000000, 0x0000000086000000, 0x0000000086100000|  0%| F|  |TAMS 0x0000000086000000, 0x0000000086000000| Untracked 
|  95|0x0000000086100000, 0x0000000086100000, 0x0000000086200000|  0%| F|  |TAMS 0x0000000086100000, 0x0000000086100000| Untracked 
|  96|0x0000000086200000, 0x0000000086200000, 0x0000000086300000|  0%| F|  |TAMS 0x0000000086200000, 0x0000000086200000| Untracked 
|  97|0x0000000086300000, 0x0000000086300000, 0x0000000086400000|  0%| F|  |TAMS 0x0000000086300000, 0x0000000086300000| Untracked 
|  98|0x0000000086400000, 0x0000000086400000, 0x0000000086500000|  0%| F|  |TAMS 0x0000000086400000, 0x0000000086400000| Untracked 
|  99|0x0000000086500000, 0x0000000086500000, 0x0000000086600000|  0%| F|  |TAMS 0x0000000086500000, 0x0000000086500000| Untracked 
| 100|0x0000000086600000, 0x0000000086600000, 0x0000000086700000|  0%| F|  |TAMS 0x0000000086600000, 0x0000000086600000| Untracked 
| 101|0x0000000086700000, 0x0000000086700000, 0x0000000086800000|  0%| F|  |TAMS 0x0000000086700000, 0x0000000086700000| Untracked 
| 102|0x0000000086800000, 0x0000000086800000, 0x0000000086900000|  0%| F|  |TAMS 0x0000000086800000, 0x0000000086800000| Untracked 
| 103|0x0000000086900000, 0x0000000086900000, 0x0000000086a00000|  0%| F|  |TAMS 0x0000000086900000, 0x0000000086900000| Untracked 
| 104|0x0000000086a00000, 0x0000000086a00000, 0x0000000086b00000|  0%| F|  |TAMS 0x0000000086a00000, 0x0000000086a00000| Untracked 
| 105|0x0000000086b00000, 0x0000000086b00000, 0x0000000086c00000|  0%| F|  |TAMS 0x0000000086b00000, 0x0000000086b00000| Untracked 
| 106|0x0000000086c00000, 0x0000000086c00000, 0x0000000086d00000|  0%| F|  |TAMS 0x0000000086c00000, 0x0000000086c00000| Untracked 
| 107|0x0000000086d00000, 0x0000000086d00000, 0x0000000086e00000|  0%| F|  |TAMS 0x0000000086d00000, 0x0000000086d00000| Untracked 
| 108|0x0000000086e00000, 0x0000000086e00000, 0x0000000086f00000|  0%| F|  |TAMS 0x0000000086e00000, 0x0000000086e00000| Untracked 
| 109|0x0000000086f00000, 0x0000000086f00000, 0x0000000087000000|  0%| F|  |TAMS 0x0000000086f00000, 0x0000000086f00000| Untracked 
| 110|0x0000000087000000, 0x0000000087000000, 0x0000000087100000|  0%| F|  |TAMS 0x0000000087000000, 0x0000000087000000| Untracked 
| 111|0x0000000087100000, 0x0000000087200000, 0x0000000087200000|100%| S|CS|TAMS 0x0000000087100000, 0x0000000087100000| Complete 
| 112|0x0000000087200000, 0x0000000087300000, 0x0000000087300000|100%| S|CS|TAMS 0x0000000087200000, 0x0000000087200000| Complete 
| 113|0x0000000087300000, 0x0000000087400000, 0x0000000087400000|100%| S|CS|TAMS 0x0000000087300000, 0x0000000087300000| Complete 
| 114|0x0000000087400000, 0x0000000087400000, 0x0000000087500000|  0%| F|  |TAMS 0x0000000087400000, 0x0000000087400000| Untracked 
| 115|0x0000000087500000, 0x0000000087500000, 0x0000000087600000|  0%| F|  |TAMS 0x0000000087500000, 0x0000000087500000| Untracked 
| 116|0x0000000087600000, 0x0000000087600000, 0x0000000087700000|  0%| F|  |TAMS 0x0000000087600000, 0x0000000087600000| Untracked 
| 117|0x0000000087700000, 0x0000000087700000, 0x0000000087800000|  0%| F|  |TAMS 0x0000000087700000, 0x0000000087700000| Untracked 
| 118|0x0000000087800000, 0x0000000087800000, 0x0000000087900000|  0%| F|  |TAMS 0x0000000087800000, 0x0000000087800000| Untracked 
| 119|0x0000000087900000, 0x0000000087900000, 0x0000000087a00000|  0%| F|  |TAMS 0x0000000087900000, 0x0000000087900000| Untracked 
| 120|0x0000000087a00000, 0x0000000087a00000, 0x0000000087b00000|  0%| F|  |TAMS 0x0000000087a00000, 0x0000000087a00000| Untracked 
| 121|0x0000000087b00000, 0x0000000087b00000, 0x0000000087c00000|  0%| F|  |TAMS 0x0000000087b00000, 0x0000000087b00000| Untracked 
| 122|0x0000000087c00000, 0x0000000087c00000, 0x0000000087d00000|  0%| F|  |TAMS 0x0000000087c00000, 0x0000000087c00000| Untracked 
| 123|0x0000000087d00000, 0x0000000087d00000, 0x0000000087e00000|  0%| F|  |TAMS 0x0000000087d00000, 0x0000000087d00000| Untracked 
| 124|0x0000000087e00000, 0x0000000087e00000, 0x0000000087f00000|  0%| F|  |TAMS 0x0000000087e00000, 0x0000000087e00000| Untracked 
| 125|0x0000000087f00000, 0x0000000087f00000, 0x0000000088000000|  0%| F|  |TAMS 0x0000000087f00000, 0x0000000087f00000| Untracked 
| 126|0x0000000088000000, 0x0000000088000000, 0x0000000088100000|  0%| F|  |TAMS 0x0000000088000000, 0x0000000088000000| Untracked 
| 127|0x0000000088100000, 0x0000000088100000, 0x0000000088200000|  0%| F|  |TAMS 0x0000000088100000, 0x0000000088100000| Untracked 

Card table byte_map: [0x000001cff0b60000,0x000001cff0f60000] _byte_map_base: 0x000001cff075f000

Marking Bits (Prev, Next): (CMBitMap*) 0x000001cfd9107108, (CMBitMap*) 0x000001cfd9107140
 Prev Bits: [0x000001cff1360000, 0x000001cff3358000)
 Next Bits: [0x000001cff3360000, 0x000001cff5358000)

Polling page: 0x000001cfd7040000

Metaspace:

Usage:
  Non-class:      6.70 MB capacity,     6.68 MB (>99%) used,    15.42 KB ( <1%) free+waste,     6.00 KB ( <1%) overhead. 
      Class:    743.00 KB capacity,   701.51 KB ( 94%) used,    38.68 KB (  5%) free+waste,     2.81 KB ( <1%) overhead. 
       Both:      7.42 MB capacity,     7.36 MB (>99%) used,    54.10 KB ( <1%) free+waste,     8.81 KB ( <1%) overhead. 

Virtual space:
  Non-class space:       16.00 MB reserved,       6.75 MB ( 42%) committed 
      Class space:        1.00 GB reserved,     768.00 KB ( <1%) committed 
             Both:        1.02 GB reserved,       7.50 MB ( <1%) committed 

Chunk freelists:
   Non-Class:  6.75 KB
       Class:  3.13 KB
        Both:  9.88 KB

CodeHeap 'non-profiled nmethods': size=238336Kb used=668Kb max_used=668Kb free=237667Kb
 bounds [0x000001cfe1b70000, 0x000001cfe1de0000, 0x000001cff0430000]
CodeHeap 'non-nmethods': size=7424Kb used=1056Kb max_used=1056Kb free=6368Kb
 bounds [0x000001cfe1430000, 0x000001cfe16a0000, 0x000001cfe1b70000]
 total_blobs=863 nmethods=501 adapters=275
 compilation: enabled
              stopped_count=0, restarted_count=0
 full_count=0

Compilation events (10 events):
Event: 0.647 Thread 0x000001cff864e000  495       1       java.lang.invoke.MethodHandles$Lookup::lookupClassOrNull (17 bytes)
Event: 0.647 Thread 0x000001cff864e000 nmethod 495 0x000001cfe1c15990 code [0x000001cfe1c15b40, 0x000001cfe1c15c78]
Event: 0.648 Thread 0x000001cff864e000  498       1       java.lang.String::replace (42 bytes)
Event: 0.648 Thread 0x000001cff864e000 nmethod 498 0x000001cfe1c16110 code [0x000001cfe1c162e0, 0x000001cfe1c164a0]
Event: 0.657 Thread 0x000001cff864e000  499   !   1       java.lang.invoke.MemberName::clone (14 bytes)
Event: 0.657 Thread 0x000001cff864e000 nmethod 499 0x000001cfe1c16590 code [0x000001cfe1c16760, 0x000001cfe1c16980]
Event: 0.657 Thread 0x000001cff864e000  500       1       java.lang.invoke.MemberName::flagsMods (72 bytes)
Event: 0.658 Thread 0x000001cff864e000 nmethod 500 0x000001cfe1c16a90 code [0x000001cfe1c16c40, 0x000001cfe1c16d38]
Event: 0.658 Thread 0x000001cff864e000  501       1       java.lang.invoke.MemberName::init (66 bytes)
Event: 0.658 Thread 0x000001cff864e000 nmethod 501 0x000001cfe1c16d90 code [0x000001cfe1c16f40, 0x000001cfe1c17178]

GC Heap History (2 events):
Event: 0.660 GC heap before
{Heap before GC invocations=0 (full 0):
 garbage-first heap   total 131072K, used 12288K [0x0000000080200000, 0x0000000100000000)
  region size 1024K, 14 young (14336K), 0 survivors (0K)
 Metaspace       used 7538K, capacity 7601K, committed 7680K, reserved 1062912K
  class space    used 701K, capacity 743K, committed 768K, reserved 1048576K
}
Event: 0.664 GC heap after
{Heap after GC invocations=1 (full 0):
 garbage-first heap   total 131072K, used 6560K [0x0000000080200000, 0x0000000100000000)
  region size 1024K, 3 young (3072K), 3 survivors (3072K)
 Metaspace       used 7538K, capacity 7601K, committed 7680K, reserved 1062912K
  class space    used 701K, capacity 743K, committed 768K, reserved 1048576K
}

Deoptimization events (0 events):
No events

Classes redefined (0 events):
No events

Internal exceptions (0 events):
No events

Events (10 events):
Event: 0.659 loading class com/sun/jmx/mbeanserver/Introspector done
Event: 0.659 loading class com/sun/jmx/defaults/JmxProperties
Event: 0.659 loading class com/sun/jmx/defaults/JmxProperties done
Event: 0.659 loading class java/lang/System$Logger$Level
Event: 0.659 loading class java/lang/System$Logger$Level done
Event: 0.659 loading class jdk/internal/logger/BootstrapLogger$RedirectedLoggers
Event: 0.659 loading class jdk/internal/logger/BootstrapLogger$RedirectedLoggers done
Event: 0.659 loading class jdk/internal/logger/SurrogateLogger
Event: 0.659 loading class jdk/internal/logger/SimpleConsoleLogger
Event: 0.659 Executing VM operation: CollectForMetadataAllocation


Dynamic libraries:
0x00007ff71cc70000 - 0x00007ff71ccb7000 	F:\data\jdk-11.0.6\bin\java.exe
0x00007ffc75220000 - 0x00007ffc75410000 	C:\Windows\SYSTEM32\ntdll.dll
0x00007ffc738a0000 - 0x00007ffc73952000 	C:\Windows\System32\KERNEL32.DLL
0x00007ffc72b00000 - 0x00007ffc72da3000 	C:\Windows\System32\KERNELBASE.dll
0x00007ffc74d80000 - 0x00007ffc74e23000 	C:\Windows\System32\ADVAPI32.dll
0x00007ffc74050000 - 0x00007ffc740ee000 	C:\Windows\System32\msvcrt.dll
0x00007ffc73800000 - 0x00007ffc73897000 	C:\Windows\System32\sechost.dll
0x00007ffc745e0000 - 0x00007ffc74700000 	C:\Windows\System32\RPCRT4.dll
0x00007ffc748b0000 - 0x00007ffc74a44000 	C:\Windows\System32\USER32.dll
0x00007ffc73220000 - 0x00007ffc73241000 	C:\Windows\System32\win32u.dll
0x00007ffc73350000 - 0x00007ffc73376000 	C:\Windows\System32\GDI32.dll
0x00007ffc72db0000 - 0x00007ffc72f44000 	C:\Windows\System32\gdi32full.dll
0x00007ffc729b0000 - 0x00007ffc72a4e000 	C:\Windows\System32\msvcp_win.dll
0x00007ffc72fd0000 - 0x00007ffc730ca000 	C:\Windows\System32\ucrtbase.dll
0x00007ffc633e0000 - 0x00007ffc63665000 	C:\Windows\WinSxS\amd64_microsoft.windows.common-controls_6595b64144ccf1df_6.0.18362.418_none_e6c6b287130d565d\COMCTL32.dll
0x00007ffc6c290000 - 0x00007ffc6c29a000 	C:\Windows\SYSTEM32\VERSION.dll
0x00007ffc73380000 - 0x00007ffc736b6000 	C:\Windows\System32\combase.dll
0x00007ffc73250000 - 0x00007ffc732d0000 	C:\Windows\System32\bcryptPrimitives.dll
0x00007ffc74f40000 - 0x00007ffc74f6e000 	C:\Windows\System32\IMM32.DLL
0x00007ffc65570000 - 0x00007ffc65586000 	F:\data\jdk-11.0.6\bin\vcruntime140.dll
0x00007ffc52550000 - 0x00007ffc525fa000 	F:\data\jdk-11.0.6\bin\msvcp140.dll
0x00007ffc4ca60000 - 0x00007ffc4d589000 	F:\data\jdk-11.0.6\bin\server\jvm.dll
0x00007ffc747d0000 - 0x00007ffc747d8000 	C:\Windows\System32\PSAPI.DLL
0x00007ffc6fc90000 - 0x00007ffc6fc99000 	C:\Windows\SYSTEM32\WSOCK32.dll
0x00007ffc6f380000 - 0x00007ffc6f3a4000 	C:\Windows\SYSTEM32\WINMM.dll
0x00007ffc736c0000 - 0x00007ffc7372f000 	C:\Windows\System32\WS2_32.dll
0x00007ffc6f350000 - 0x00007ffc6f37d000 	C:\Windows\SYSTEM32\winmmbase.dll
0x00007ffc72f80000 - 0x00007ffc72fca000 	C:\Windows\System32\cfgmgr32.dll
0x00007ffc72150000 - 0x00007ffc72161000 	C:\Windows\System32\kernel.appcore.dll
0x00007ffc65550000 - 0x00007ffc65561000 	F:\data\jdk-11.0.6\bin\verify.dll
0x00007ffc63700000 - 0x00007ffc638f4000 	C:\Windows\SYSTEM32\DBGHELP.DLL
0x00007ffc63c90000 - 0x00007ffc63cba000 	C:\Windows\SYSTEM32\dbgcore.DLL
0x00007ffc65520000 - 0x00007ffc65549000 	F:\data\jdk-11.0.6\bin\java.dll
0x00007ffc62450000 - 0x00007ffc6247f000 	F:\data\jdk-11.0.6\bin\instrument.dll
0x00007ffc65500000 - 0x00007ffc65516000 	F:\data\jdk-11.0.6\bin\zip.dll
0x00007ffc6a380000 - 0x00007ffc6a38a000 	F:\data\jdk-11.0.6\bin\jimage.dll
0x00007ffc73960000 - 0x00007ffc74045000 	C:\Windows\System32\SHELL32.dll
0x00007ffc75130000 - 0x00007ffc751d9000 	C:\Windows\System32\shcore.dll
0x00007ffc72230000 - 0x00007ffc729af000 	C:\Windows\System32\windows.storage.dll
0x00007ffc72170000 - 0x00007ffc7218f000 	C:\Windows\System32\profapi.dll
0x00007ffc72100000 - 0x00007ffc7214a000 	C:\Windows\System32\powrprof.dll
0x00007ffc720f0000 - 0x00007ffc72100000 	C:\Windows\System32\UMPDC.dll
0x00007ffc74580000 - 0x00007ffc745d2000 	C:\Windows\System32\shlwapi.dll
0x00007ffc721b0000 - 0x00007ffc721c7000 	C:\Windows\System32\cryptsp.dll
0x00007ffc58b00000 - 0x00007ffc58b19000 	F:\data\jdk-11.0.6\bin\net.dll
0x00007ffc6b030000 - 0x00007ffc6b120000 	C:\Windows\SYSTEM32\WINHTTP.dll
0x00007ffc71960000 - 0x00007ffc719c7000 	C:\Windows\system32\mswsock.dll
0x00007ffc58ab0000 - 0x00007ffc58ac3000 	F:\data\jdk-11.0.6\bin\nio.dll
0x00007ffc57870000 - 0x00007ffc5788a000 	F:\win_ide\IntelliJ IDEA 2020.1\bin\breakgen64.dll
0x00007ffc716b0000 - 0x00007ffc7177a000 	C:\Windows\SYSTEM32\DNSAPI.dll
0x00007ffc74f70000 - 0x00007ffc74f78000 	C:\Windows\System32\NSI.dll
0x00007ffc66ca0000 - 0x00007ffc66caa000 	C:\Windows\System32\rasadhlp.dll
0x00007ffc6bdc0000 - 0x00007ffc6be37000 	C:\Windows\System32\fwpuclnt.dll
0x00007ffc72f50000 - 0x00007ffc72f76000 	C:\Windows\System32\bcrypt.dll
0x00007ffc65320000 - 0x00007ffc65329000 	F:\data\jdk-11.0.6\bin\management.dll

dbghelp: loaded successfully - version: 4.0.5 - missing functions: none
symbol engine: initialized successfully - sym options: 0x614 - pdb path: .;F:\data\jdk-11.0.6\bin;C:\Windows\SYSTEM32;C:\Windows\WinSxS\amd64_microsoft.windows.common-controls_6595b64144ccf1df_6.0.18362.418_none_e6c6b287130d565d;F:\data\jdk-11.0.6\bin\server;F:\win_ide\IntelliJ IDEA 2020.1\bin

VM Arguments:
jvm_args: -Dvisualvm.id=28731209918300 -XX:TieredStopAtLevel=1 -Xverify:none -Dspring.output.ansi.enabled=always -Dcom.sun.management.jmxremote -Dspring.jmx.enabled=true -Dspring.liveBeansView.mbeanDomain -Dspring.application.admin.enabled=true -javaagent:F:\win_ide\IntelliJ IDEA 2020.1\lib\idea_rt.jar=58583:F:\win_ide\IntelliJ IDEA 2020.1\bin -Dfile.encoding=UTF-8 
java_command: cn.dbdj1201.user.UserMainApp40923
java_class_path (initial): D:\code_repo\mirror\mirror-dev\mirror-user\target\classes;F:\tools\repo_mine\org\springframework\boot\spring-boot-starter-web\2.2.5.RELEASE\spring-boot-starter-web-2.2.5.RELEASE.jar;F:\tools\repo_mine\org\springframework\boot\spring-boot-starter\2.2.5.RELEASE\spring-boot-starter-2.2.5.RELEASE.jar;F:\tools\repo_mine\org\springframework\boot\spring-boot-starter-logging\2.2.5.RELEASE\spring-boot-starter-logging-2.2.5.RELEASE.jar;F:\tools\repo_mine\ch\qos\logback\logback-classic\1.2.3\logback-classic-1.2.3.jar;F:\tools\repo_mine\ch\qos\logback\logback-core\1.2.3\logback-core-1.2.3.jar;F:\tools\repo_mine\org\apache\logging\log4j\log4j-to-slf4j\2.12.1\log4j-to-slf4j-2.12.1.jar;F:\tools\repo_mine\org\apache\logging\log4j\log4j-api\2.12.1\log4j-api-2.12.1.jar;F:\tools\repo_mine\org\slf4j\jul-to-slf4j\1.7.30\jul-to-slf4j-1.7.30.jar;F:\tools\repo_mine\jakarta\annotation\jakarta.annotation-api\1.3.5\jakarta.annotation-api-1.3.5.jar;F:\tools\repo_mine\org\yaml\snakeyaml\1.25\snakeyaml-1.25.jar;F:\tools\repo_mine\org\springframework\boot\spring-boot-starter-json\2.2.5.RELEASE\spring-boot-starter-json-2.2.5.RELEASE.jar;F:\tools\repo_mine\com\fasterxml\jackson\datatype\jackson-datatype-jdk8\2.10.2\jackson-datatype-jdk8-2.10.2.jar;F:\tools\repo_mine\com\fasterxml\jackson\datatype\jackson-datatype-jsr310\2.10.2\jackson-datatype-jsr310-2.10.2.jar;F:\tools\repo_mine\com\fasterxml\jackson\module\jackson-module-parameter-names\2.10.2\jackson-module-parameter-names-2.10.2.jar;F:\tools\repo_mine\org\springframework\boot\spring-boot-starter-tomcat\2.2.5.RELEASE\spring-boot-starter-tomcat-2.2.5.RELEASE.jar;F:\tools\repo_mine\org\apache\tomcat\embed\tomcat-embed-core\9.0.31\tomcat-embed-core-9.0.31.jar;F:\tools\repo_mine\org\apache\tomcat\embed\tomcat-embed-el\9.0.31\tomcat-embed-el-9.0.31.jar;F:\tools\repo_mine\org\apache\tomcat\embed\tomcat-embed-websocket\9.0.31\tomcat-embed-websocket-9.0.31.jar;F:\tools\repo_mine\org\springframework\boot\spring-boot-starter-v
Launcher Type: SUN_STANDARD

[Global flags]
     bool BytecodeVerificationLocal                = false                                     {product} {command line}
     bool BytecodeVerificationRemote               = false                                     {product} {command line}
     intx CICompilerCount                          = 4                                         {product} {ergonomic}
     uint ConcGCThreads                            = 2                                         {product} {ergonomic}
     uint G1ConcRefinementThreads                  = 8                                         {product} {ergonomic}
   size_t G1HeapRegionSize                         = 1048576                                   {product} {ergonomic}
    uintx GCDrainStackTargetSize                   = 64                                        {product} {ergonomic}
   size_t InitialHeapSize                          = 134217728                                 {product} {ergonomic}
     bool ManagementServer                         = true                                      {product} {command line}
   size_t MarkStackSize                            = 4194304                                   {product} {ergonomic}
   size_t MaxHeapSize                              = 2145386496                                {product} {ergonomic}
   size_t MaxNewSize                               = 1286602752                                {product} {ergonomic}
   size_t MinHeapDeltaBytes                        = 1048576                                   {product} {ergonomic}
    uintx NonNMethodCodeHeapSize                   = 7549744                                {pd product} {ergonomic}
    uintx NonProfiledCodeHeapSize                  = 244108496                              {pd product} {ergonomic}
    uintx ProfiledCodeHeapSize                     = 0                                      {pd product} {ergonomic}
    uintx ReservedCodeCacheSize                    = 251658240                              {pd product} {ergonomic}
     bool SegmentedCodeCache                       = true                                      {product} {ergonomic}
     intx TieredStopAtLevel                        = 1                                         {product} {command line}
     bool UseCompressedClassPointers               = true                                 {lp64_product} {ergonomic}
     bool UseCompressedOops                        = true                                 {lp64_product} {ergonomic}
     bool UseG1GC                                  = true                                      {product} {ergonomic}
     bool UseLargePagesIndividualAllocation        = false                                  {pd product} {ergonomic}

Logging:
Log output configuration:
 #0: stdout all=warning uptime,level,tags
 #1: stderr all=off uptime,level,tags

Environment Variables:
JAVA_HOME=F:\data\jdk-11.0.6
CLASSPATH=F:\data\jdk-11.0.6\lib\dt.jar;F:\data\jdk-11.0.6\lib\tools.jar
PATH=C:\Windows\system32;C:\Windows;C:\Windows\System32\Wbem;C:\Windows\System32\WindowsPowerShell\v1.0\;C:\Windows\System32\OpenSSH\;F:\data\jdk-11.0.6\bin;F:\data\jdk-11.0.6\jre\bin;C:\Program Files\MySQL\MySQL Server 5.7\bin;C:\Program Files (x86)\ATI Technologies\ATI.ACE\Core-Static;F:\tools\apache-maven-3.6.3\bin;F:\tools\Redis-x64-3.2.100;F:\tools\svn\bin;F:\tools\torsvn\bin;F:\tools\nexus\nexus-3.21.1-01\bin;C:\Program Files\MySQL\MySQL Server 8.0\bin;F:\tools\node\;E:\java\Git\cmd;C:\Users\Administrator\AppData\Local\Microsoft\WindowsApps;;F:\IntelliJ IDEA 2019.2.4\bin;;C:\Users\Administrator\AppData\Roaming\npm;F:\win_ide\Microsoft VS Code\bin
USERNAME=Administrator
OS=Windows_NT
PROCESSOR_IDENTIFIER=Intel64 Family 6 Model 44 Stepping 2, GenuineIntel



---------------  S Y S T E M  ---------------

OS: Windows 10 , 64 bit Build 18362 (10.0.18362.329)

CPU:total 8 (initial active 8) (4 cores per cpu, 2 threads per core) family 6 model 44 stepping 2, cmov, cx8, fxsr, mmx, sse, sse2, sse3, ssse3, sse4.1, sse4.2, popcnt, aes, clmul, ht, tsc, tscinvbit, tscinv

Memory: 4k page, system-wide physical 8183M (2720M free)
TotalPageFile size 28416M (AvailPageFile size 217M)
current process WorkingSet (physical memory assigned to process): 56M, peak: 56M
current process commit charge ("private bytes"): 210M, peak: 211M

vm_info: Java HotSpot(TM) 64-Bit Server VM (11.0.6+8-LTS) for windows-amd64 JRE (11.0.6+8-LTS), built on Dec 11 2019 09:17:57 by "mach5one" with MS VC++ 15.5 (VS2017)

END.
